

***********************************************************************
Fatal NI connect error 6413, connecting to:
 (DESCRIPTION=(CONNECT_DATA=(SERVICE_NAME=ttd)(CID=(PROGRAM=C:\Program Files (x86)\Appeon\PowerBuilder 19.0\PB190.exe)(HOST=DICHUYXNGUYEN)(USER=huyxnguyen)))(ADDRESS=(PROTOCOL=TCP)(HOST=103.9.159.43)(PORT=1521)))

  VERSION INFORMATION:
	TNS for 32-bit Windows: Version 10.1.0.5.0 - Production
  Time: 16-AUG-2021 13:50:32
  Tracing not turned on.


***********************************************************************
Fatal NI connect error 6413, connecting to:
 (DESCRIPTION=(CONNECT_DATA=(SERVICE_NAME=ttd)(CID=(PROGRAM=C:\Program Files (x86)\Appeon\PowerBuilder 19.0\PB190.exe)(HOST=DICHUYXNGUYEN)(USER=huyxnguyen)))(ADDRESS=(PROTOCOL=TCP)(HOST=103.9.159.43)(PORT=1521)))

  VERSION INFORMATION:
	TNS for 32-bit Windows: Version 10.1.0.5.0 - Production
  Time: 16-AUG-2021 13:52:48
  Tracing not turned on.


***********************************************************************
Fatal NI connect error 6413, connecting to:
 (DESCRIPTION=(CONNECT_DATA=(SERVICE_NAME=ttd)(CID=(PROGRAM=C:\Program Files (x86)\Appeon\PowerBuilder 19.0\PB190.exe)(HOST=DICHUYXNGUYEN)(USER=huyxnguyen)))(ADDRESS=(PROTOCOL=TCP)(HOST=103.9.159.43)(PORT=1521)))

  VERSION INFORMATION:
	TNS for 32-bit Windows: Version 10.1.0.5.0 - Production
  Time: 16-AUG-2021 13:55:18
  Tracing not turned on.


***********************************************************************
Fatal NI connect error 6413, connecting to:
 (DESCRIPTION=(CONNECT_DATA=(SERVICE_NAME=ttd)(CID=(PROGRAM=C:\Program Files (x86)\Appeon\PowerBuilder 19.0\PB190.exe)(HOST=DICHUYXNGUYEN)(USER=huyxnguyen)))(ADDRESS=(PROTOCOL=TCP)(HOST=103.9.159.43)(PORT=1521)))

  VERSION INFORMATION:
	TNS for 32-bit Windows: Version 10.1.0.5.0 - Production
  Time: 16-AUG-2021 14:00:40
  Tracing not turned on.


***********************************************************************
Fatal NI connect error 6413, connecting to:
 (DESCRIPTION=(CONNECT_DATA=(SERVICE_NAME=ttd)(CID=(PROGRAM=C:\Program Files (x86)\Appeon\PowerBuilder 19.0\PB190.exe)(HOST=DICHUYXNGUYEN)(USER=huyxnguyen)))(ADDRESS=(PROTOCOL=TCP)(HOST=103.9.159.43)(PORT=1521)))

  VERSION INFORMATION:
	TNS for 32-bit Windows: Version 10.1.0.5.0 - Production
  Time: 16-AUG-2021 19:47:20
  Tracing not turned on.


***********************************************************************
Fatal NI connect error 6413, connecting to:
 (DESCRIPTION=(CONNECT_DATA=(SERVICE_NAME=ttd)(CID=(PROGRAM=C:\Program Files (x86)\Appeon\PowerBuilder 19.0\PB190.exe)(HOST=DICHUYXNGUYEN)(USER=huyxnguyen)))(ADDRESS=(PROTOCOL=TCP)(HOST=103.9.159.43)(PORT=1521)))

  VERSION INFORMATION:
	TNS for 32-bit Windows: Version 10.1.0.5.0 - Production
  Time: 16-AUG-2021 19:48:43
  Tracing not turned on.


***********************************************************************
Fatal NI connect error 6413, connecting to:
 (DESCRIPTION=(CONNECT_DATA=(SERVICE_NAME=ttd)(CID=(PROGRAM=C:\Program Files (x86)\Appeon\PowerBuilder 19.0\PB190.exe)(HOST=DICHUYXNGUYEN)(USER=huyxnguyen)))(ADDRESS=(PROTOCOL=TCP)(HOST=103.9.159.43)(PORT=1521)))

  VERSION INFORMATION:
	TNS for 32-bit Windows: Version 10.1.0.5.0 - Production
  Time: 16-AUG-2021 19:48:51
  Tracing not turned on.


***********************************************************************
Fatal NI connect error 6413, connecting to:
 (DESCRIPTION=(CONNECT_DATA=(SERVICE_NAME=ttd)(CID=(PROGRAM=C:\Program Files (x86)\Appeon\PowerBuilder 19.0\PB190.exe)(HOST=DICHUYXNGUYEN)(USER=huyxnguyen)))(ADDRESS=(PROTOCOL=TCP)(HOST=103.9.159.43)(PORT=1521)))

  VERSION INFORMATION:
	TNS for 32-bit Windows: Version 10.1.0.5.0 - Production
  Time: 17-AUG-2021 09:30:45
  Tracing not turned on.
